#
# There is insufficient memory for the Java Runtime Environment to continue.
# Native memory allocation (malloc) failed to allocate 1185456 bytes for Chunk::new
# Possible reasons:
#   The system is out of physical RAM or swap space
#   In 32 bit mode, the process size limit was hit
# Possible solutions:
#   Reduce memory load on the system
#   Increase physical memory or swap space
#   Check if swap backing store is full
#   Use 64 bit Java on a 64 bit OS
#   Decrease Java heap size (-Xmx/-Xms)
#   Decrease number of Java threads
#   Decrease Java thread stack sizes (-Xss)
#   Set larger code cache with -XX:ReservedCodeCacheSize=
# This output file may be truncated or incomplete.
#
#  Out of Memory Error (allocation.cpp:390), pid=6156, tid=0x0000000000039958
#
# JRE version: OpenJDK Runtime Environment (8.0_152-b02) (build 1.8.0_152-release-1024-b02)
# Java VM: OpenJDK 64-Bit Server VM (25.152-b02 mixed mode windows-amd64 compressed oops)
# Failed to write core dump. Minidumps are not enabled by default on client versions of Windows
#

---------------  T H R E A D  ---------------

Current thread (0x000000001685d800):  JavaThread "C2 CompilerThread1" daemon [_thread_in_native, id=235864, stack(0x0000000017fb0000,0x00000000180b0000)]

Stack: [0x0000000017fb0000,0x00000000180b0000]
[error occurred during error reporting (printing stack bounds), id 0xc0000005]

Native frames: (J=compiled Java code, j=interpreted, Vv=VM code, C=native code)


Current CompileTask:
C2:  86029 10690       4       org.gradle.api.internal.file.pattern.PatternMatcherFactory::compile (91 bytes)


---------------  P R O C E S S  ---------------

Java Threads: ( => current thread )
  0x000000001cdd4800 JavaThread "ForkJoinPool.commonPool-worker-1" daemon [_thread_blocked, id=233164, stack(0x0000000026f60000,0x0000000027060000)]
  0x000000001cdd6000 JavaThread "Cache worker for Java compile cache (D:\meh\thesis\.gradle\4.4\javaCompile)" [_thread_blocked, id=224984, stack(0x0000000026e60000,0x0000000026f60000)]
  0x000000001dfae000 JavaThread "Java2D Disposer" daemon [_thread_blocked, id=213516, stack(0x0000000025090000,0x0000000025190000)]
  0x000000001dfb4800 JavaThread "Worker Daemon Execution Thread 7" [_thread_blocked, id=233824, stack(0x0000000024f90000,0x0000000025090000)]
  0x000000001dfb4000 JavaThread "Worker Daemon Execution Thread 6" [_thread_blocked, id=228268, stack(0x0000000024e90000,0x0000000024f90000)]
  0x000000001dfac800 JavaThread "Worker Daemon Execution Thread 5" [_thread_blocked, id=233960, stack(0x0000000024b90000,0x0000000024c90000)]
  0x000000001dfb3000 JavaThread "Worker Daemon Execution Thread 4" [_thread_blocked, id=224716, stack(0x0000000024a90000,0x0000000024b90000)]
  0x000000001dfb1800 JavaThread "Worker Daemon Execution Thread 3" [_thread_blocked, id=230024, stack(0x0000000024990000,0x0000000024a90000)]
  0x000000001dfab800 JavaThread "Worker Daemon Execution Thread 2" [_thread_blocked, id=219828, stack(0x0000000024890000,0x0000000024990000)]
  0x000000001dfb2800 JavaThread "Worker Daemon Execution" [_thread_blocked, id=228388, stack(0x0000000024790000,0x0000000024890000)]
  0x000000001dfb1000 JavaThread "Task worker for ':' Thread 3" [_thread_in_Java, id=16012, stack(0x00000000230b0000,0x00000000231b0000)]
  0x000000001dfab000 JavaThread "Task worker for ':' Thread 2" [_thread_blocked, id=234072, stack(0x0000000021f50000,0x0000000022050000)]
  0x000000001dfa9800 JavaThread "Task worker for ':'" [_thread_blocked, id=236004, stack(0x0000000021e50000,0x0000000021f50000)]
  0x000000001dfb0000 JavaThread "Cache worker for Build Output Cleanup Cache (D:\meh\thesis\.gradle\buildOutputCleanup)" [_thread_blocked, id=225196, stack(0x0000000021d50000,0x0000000021e50000)]
  0x000000001dfaa000 JavaThread "Cache worker for task history cache (D:\meh\thesis\.gradle\4.4\taskHistory)" [_thread_blocked, id=213644, stack(0x0000000021c50000,0x0000000021d50000)]
  0x000000001dfaf800 JavaThread "Cache worker for file content cache (D:\meh\thesis\.gradle\4.4\fileContent)" [_thread_blocked, id=226560, stack(0x0000000021510000,0x0000000021610000)]
  0x000000001987b000 JavaThread "Memory manager" [_thread_blocked, id=71184, stack(0x0000000020e10000,0x0000000020f10000)]
  0x0000000019878800 JavaThread "build operations Thread 4" [_thread_blocked, id=227920, stack(0x0000000020710000,0x0000000020810000)]
  0x0000000019879800 JavaThread "build operations Thread 3" [_thread_in_native, id=236240, stack(0x0000000020610000,0x0000000020710000)]
  0x000000001987a000 JavaThread "build operations Thread 2" [_thread_blocked, id=229808, stack(0x0000000020510000,0x0000000020610000)]
  0x0000000019878000 JavaThread "build operations" [_thread_blocked, id=227600, stack(0x0000000020310000,0x0000000020410000)]
  0x000000001987b800 JavaThread "Cache worker for Artifact transforms cache (C:\Users\ROSE\.gradle\caches\transforms-1)" [_thread_blocked, id=235200, stack(0x000000001fee0000,0x000000001ffe0000)]
  0x0000000019a32000 JavaThread "Cache worker for file hash cache (D:\meh\thesis\.gradle\4.4\fileHashes)" [_thread_blocked, id=235856, stack(0x000000001c3d0000,0x000000001c4d0000)]
  0x000000001991b800 JavaThread "File lock request listener" [_thread_in_native, id=229404, stack(0x000000001b300000,0x000000001b400000)]
  0x0000000019aa5000 JavaThread "Cache worker for file hash cache (C:\Users\ROSE\.gradle\caches\4.4\fileHashes)" [_thread_blocked, id=234936, stack(0x000000001b200000,0x000000001b300000)]
  0x000000001977d000 JavaThread "Asynchronous log dispatcher for DefaultDaemonConnection: socket connection from /127.0.0.1:55942 to /127.0.0.1:55943" [_thread_blocked, id=227900, stack(0x000000001ae00000,0x000000001af00000)]
  0x00000000197fa800 JavaThread "Daemon worker" [_thread_blocked, id=231948, stack(0x000000001ad00000,0x000000001ae00000)]
  0x00000000197f9800 JavaThread "Cancel handler" [_thread_blocked, id=166588, stack(0x000000001ac00000,0x000000001ad00000)]
  0x0000000019717800 JavaThread "Handler for socket connection from /127.0.0.1:55942 to /127.0.0.1:55943" [_thread_in_native, id=231920, stack(0x000000001a900000,0x000000001aa00000)]
  0x00000000195ff800 JavaThread "Daemon" [_thread_blocked, id=232704, stack(0x000000001a800000,0x000000001a900000)]
  0x0000000019636000 JavaThread "Daemon periodic checks" [_thread_blocked, id=231720, stack(0x000000001a700000,0x000000001a800000)]
  0x000000001962c800 JavaThread "Incoming local TCP Connector on port 55942" [_thread_in_native, id=232368, stack(0x000000001a4c0000,0x000000001a5c0000)]
  0x00000000181d0800 JavaThread "Service Thread" daemon [_thread_blocked, id=229584, stack(0x00000000185b0000,0x00000000186b0000)]
  0x000000001686b800 JavaThread "C1 CompilerThread2" daemon [_thread_blocked, id=232988, stack(0x00000000180b0000,0x00000000181b0000)]
=>0x000000001685d800 JavaThread "C2 CompilerThread1" daemon [_thread_in_native, id=235864, stack(0x0000000017fb0000,0x00000000180b0000)]
  0x000000001685a000 JavaThread "C2 CompilerThread0" daemon [_thread_in_vm, id=232392, stack(0x0000000017eb0000,0x0000000017fb0000)]
  0x0000000016858800 JavaThread "Attach Listener" daemon [_thread_blocked, id=235524, stack(0x0000000017db0000,0x0000000017eb0000)]
  0x0000000016865000 JavaThread "Signal Dispatcher" daemon [_thread_blocked, id=233604, stack(0x0000000017cb0000,0x0000000017db0000)]
  0x0000000002ebd000 JavaThread "Finalizer" daemon [_thread_blocked, id=224848, stack(0x0000000017ab0000,0x0000000017bb0000)]
  0x0000000002eb2000 JavaThread "Reference Handler" daemon [_thread_blocked, id=231736, stack(0x00000000179b0000,0x0000000017ab0000)]
  0x0000000002cbd800 JavaThread "main" [_thread_blocked, id=229484, stack(0x0000000002cc0000,0x0000000002dc0000)]

Other Threads:
  0x0000000016825000 VMThread [stack: 0x00000000178b0000,0x00000000179b0000] [id=235688]
  0x00000000168be800 WatcherThread [stack: 0x00000000186b0000,0x00000000187b0000] [id=226160]

VM state:not at safepoint (normal execution)

VM Mutex/Monitor currently owned by a thread: None

Heap:
 PSYoungGen      total 225280K, used 170469K [0x00000000e0000000, 0x00000000f0d00000, 0x0000000100000000)
  eden space 205824K, 77% used [0x00000000e0000000,0x00000000e9ae3f20,0x00000000ec900000)
  from space 19456K, 60% used [0x00000000edc00000,0x00000000ee7957d8,0x00000000eef00000)
  to   space 19456K, 0% used [0x00000000ec900000,0x00000000ec900000,0x00000000edc00000)
 ParOldGen       total 95744K, used 44268K [0x00000000a0000000, 0x00000000a5d80000, 0x00000000e0000000)
  object space 95744K, 46% used [0x00000000a0000000,0x00000000a2b3b050,0x00000000a5d80000)
 Metaspace       used 66320K, capacity 68394K, committed 68568K, reserved 1107968K
  class space    used 8711K, capacity 9164K, committed 9216K, reserved 1048576K

Card table byte_map: [0x0000000012290000,0x00000000125a0000] byte_map_base: 0x0000000011d90000

Marking Bits: (ParMarkBitMap*) 0x0000000066734970
 Begin Bits: [0x0000000012ba0000, 0x00000000143a0000)
 End Bits:   [0x00000000143a0000, 0x0000000015ba0000)

Polling page: 0x0000000002c90000

CodeCache: size=245760Kb used=29199Kb max_used=29778Kb free=216560Kb
 bounds [0x0000000002ed0000, 0x0000000004c10000, 0x0000000011ed0000]
 total_blobs=9711 nmethods=8799 adapters=824
 compilation: enabled

Compilation events (10 events):
Event: 85.937 Thread 0x000000001686b800 nmethod 10731 0x000000000493d650 code [0x000000000493d7c0, 0x000000000493dab0]
Event: 85.937 Thread 0x000000001686b800 10732       3       com.google.protobuf.GeneratedMessageV3::<init> (13 bytes)
Event: 85.937 Thread 0x000000001686b800 nmethod 10732 0x000000000493d050 code [0x000000000493d1c0, 0x000000000493d4f0]
Event: 85.939 Thread 0x000000001685a000 10733 %     4       sun.nio.cs.SingleByte$Encoder::encodeArrayLoop @ 88 (236 bytes)
Event: 85.959 Thread 0x000000001686b800 10734       1       org.gradle.api.internal.file.collections.DefaultDirectoryWalkerFactory::create (5 bytes)
Event: 85.960 Thread 0x000000001686b800 nmethod 10734 0x0000000004848710 code [0x0000000004848860, 0x0000000004848970]
Event: 85.967 Thread 0x000000001685a000 nmethod 10733% 0x0000000003c8bdd0 code [0x0000000003c8bf40, 0x0000000003c8ca38]
Event: 85.968 Thread 0x000000001685a000 10735       4       org.gradle.cache.internal.CrossProcessSynchronizingCache::get (19 bytes)
Event: 85.971 Thread 0x000000001685a000 nmethod 10735 0x0000000004832010 code [0x0000000004832160, 0x0000000004832288]
Event: 85.973 Thread 0x000000001685a000 10736       4       org.gradle.api.internal.changedetection.state.FileTimeStampInspector::timestampCanBeUsedToDetectFileChange (15 bytes)

GC Heap History (10 events):
Event: 40.505 GC heap before
{Heap before GC invocations=17 (full 2):
 PSYoungGen      total 150528K, used 85408K [0x00000000e0000000, 0x00000000ea500000, 0x0000000100000000)
  eden space 139264K, 54% used [0x00000000e0000000,0x00000000e4aa95e8,0x00000000e8800000)
  from space 11264K, 79% used [0x00000000e9a00000,0x00000000ea2beba0,0x00000000ea500000)
  to   space 14848K, 0% used [0x00000000e8800000,0x00000000e8800000,0x00000000e9680000)
 ParOldGen       total 54272K, used 28818K [0x00000000a0000000, 0x00000000a3500000, 0x00000000e0000000)
  object space 54272K, 53% used [0x00000000a0000000,0x00000000a1c24bc8,0x00000000a3500000)
 Metaspace       used 57200K, capacity 58844K, committed 59028K, reserved 1099776K
  class space    used 7718K, capacity 8117K, committed 8192K, reserved 1048576K
Event: 40.615 GC heap after
Heap after GC invocations=17 (full 2):
 PSYoungGen      total 154112K, used 14835K [0x00000000e0000000, 0x00000000edb80000, 0x0000000100000000)
  eden space 139264K, 0% used [0x00000000e0000000,0x00000000e0000000,0x00000000e8800000)
  from space 14848K, 99% used [0x00000000e8800000,0x00000000e967cf08,0x00000000e9680000)
  to   space 18944K, 0% used [0x00000000ec900000,0x00000000ec900000,0x00000000edb80000)
 ParOldGen       total 54272K, used 33852K [0x00000000a0000000, 0x00000000a3500000, 0x00000000e0000000)
  object space 54272K, 62% used [0x00000000a0000000,0x00000000a210f0b0,0x00000000a3500000)
 Metaspace       used 57200K, capacity 58844K, committed 59028K, reserved 1099776K
  class space    used 7718K, capacity 8117K, committed 8192K, reserved 1048576K
}
Event: 40.615 GC heap before
{Heap before GC invocations=18 (full 3):
 PSYoungGen      total 154112K, used 14835K [0x00000000e0000000, 0x00000000edb80000, 0x0000000100000000)
  eden space 139264K, 0% used [0x00000000e0000000,0x00000000e0000000,0x00000000e8800000)
  from space 14848K, 99% used [0x00000000e8800000,0x00000000e967cf08,0x00000000e9680000)
  to   space 18944K, 0% used [0x00000000ec900000,0x00000000ec900000,0x00000000edb80000)
 ParOldGen       total 54272K, used 33852K [0x00000000a0000000, 0x00000000a3500000, 0x00000000e0000000)
  object space 54272K, 62% used [0x00000000a0000000,0x00000000a210f0b0,0x00000000a3500000)
 Metaspace       used 57200K, capacity 58844K, committed 59028K, reserved 1099776K
  class space    used 7718K, capacity 8117K, committed 8192K, reserved 1048576K
Event: 41.091 GC heap after
Heap after GC invocations=18 (full 3):
 PSYoungGen      total 154112K, used 0K [0x00000000e0000000, 0x00000000edb80000, 0x0000000100000000)
  eden space 139264K, 0% used [0x00000000e0000000,0x00000000e0000000,0x00000000e8800000)
  from space 14848K, 0% used [0x00000000e8800000,0x00000000e8800000,0x00000000e9680000)
  to   space 18944K, 0% used [0x00000000ec900000,0x00000000ec900000,0x00000000edb80000)
 ParOldGen       total 95744K, used 44236K [0x00000000a0000000, 0x00000000a5d80000, 0x00000000e0000000)
  object space 95744K, 46% used [0x00000000a0000000,0x00000000a2b33050,0x00000000a5d80000)
 Metaspace       used 57200K, capacity 58844K, committed 59028K, reserved 1099776K
  class space    used 7718K, capacity 8117K, committed 8192K, reserved 1048576K
}
Event: 76.782 GC heap before
{Heap before GC invocations=19 (full 3):
 PSYoungGen      total 154112K, used 139264K [0x00000000e0000000, 0x00000000edb80000, 0x0000000100000000)
  eden space 139264K, 100% used [0x00000000e0000000,0x00000000e8800000,0x00000000e8800000)
  from space 14848K, 0% used [0x00000000e8800000,0x00000000e8800000,0x00000000e9680000)
  to   space 18944K, 0% used [0x00000000ec900000,0x00000000ec900000,0x00000000edb80000)
 ParOldGen       total 95744K, used 44236K [0x00000000a0000000, 0x00000000a5d80000, 0x00000000e0000000)
  object space 95744K, 46% used [0x00000000a0000000,0x00000000a2b33050,0x00000000a5d80000)
 Metaspace       used 62626K, capacity 64396K, committed 64600K, reserved 1105920K
  class space    used 8355K, capacity 8769K, committed 8832K, reserved 1048576K
Event: 76.803 GC heap after
Heap after GC invocations=19 (full 3):
 PSYoungGen      total 186880K, used 10220K [0x00000000e0000000, 0x00000000ed300000, 0x0000000100000000)
  eden space 176640K, 0% used [0x00000000e0000000,0x00000000e0000000,0x00000000eac80000)
  from space 10240K, 99% used [0x00000000ec900000,0x00000000ed2fb248,0x00000000ed300000)
  to   space 18432K, 0% used [0x00000000eaf00000,0x00000000eaf00000,0x00000000ec100000)
 ParOldGen       total 95744K, used 44244K [0x00000000a0000000, 0x00000000a5d80000, 0x00000000e0000000)
  object space 95744K, 46% used [0x00000000a0000000,0x00000000a2b35050,0x00000000a5d80000)
 Metaspace       used 62626K, capacity 64396K, committed 64600K, reserved 1105920K
  class space    used 8355K, capacity 8769K, committed 8832K, reserved 1048576K
}
Event: 84.033 GC heap before
{Heap before GC invocations=20 (full 3):
 PSYoungGen      total 186880K, used 186426K [0x00000000e0000000, 0x00000000ed300000, 0x0000000100000000)
  eden space 176640K, 99% used [0x00000000e0000000,0x00000000eac13660,0x00000000eac80000)
  from space 10240K, 99% used [0x00000000ec900000,0x00000000ed2fb248,0x00000000ed300000)
  to   space 18432K, 0% used [0x00000000eaf00000,0x00000000eaf00000,0x00000000ec100000)
 ParOldGen       total 95744K, used 44244K [0x00000000a0000000, 0x00000000a5d80000, 0x00000000e0000000)
  object space 95744K, 46% used [0x00000000a0000000,0x00000000a2b35050,0x00000000a5d80000)
 Metaspace       used 65670K, capacity 67688K, committed 67928K, reserved 1107968K
  class space    used 8632K, capacity 9073K, committed 9088K, reserved 1048576K
Event: 84.069 GC heap after
Heap after GC invocations=20 (full 3):
 PSYoungGen      total 197632K, used 13541K [0x00000000e0000000, 0x00000000eef00000, 0x0000000100000000)
  eden space 179200K, 0% used [0x00000000e0000000,0x00000000e0000000,0x00000000eaf00000)
  from space 18432K, 73% used [0x00000000eaf00000,0x00000000ebc39538,0x00000000ec100000)
  to   space 19456K, 0% used [0x00000000edc00000,0x00000000edc00000,0x00000000eef00000)
 ParOldGen       total 95744K, used 44260K [0x00000000a0000000, 0x00000000a5d80000, 0x00000000e0000000)
  object space 95744K, 46% used [0x00000000a0000000,0x00000000a2b39050,0x00000000a5d80000)
 Metaspace       used 65670K, capacity 67688K, committed 67928K, reserved 1107968K
  class space    used 8632K, capacity 9073K, committed 9088K, reserved 1048576K
}
Event: 84.140 GC heap before
{Heap before GC invocations=21 (full 3):
 PSYoungGen      total 197632K, used 191796K [0x00000000e0000000, 0x00000000eef00000, 0x0000000100000000)
  eden space 179200K, 99% used [0x00000000e0000000,0x00000000eae13c60,0x00000000eaf00000)
  from space 18432K, 73% used [0x00000000eaf00000,0x00000000ebc39538,0x00000000ec100000)
  to   space 19456K, 0% used [0x00000000edc00000,0x00000000edc00000,0x00000000eef00000)
 ParOldGen       total 95744K, used 44260K [0x00000000a0000000, 0x00000000a5d80000, 0x00000000e0000000)
  object space 95744K, 46% used [0x00000000a0000000,0x00000000a2b39050,0x00000000a5d80000)
 Metaspace       used 65678K, capacity 67688K, committed 67928K, reserved 1107968K
  class space    used 8632K, capacity 9073K, committed 9088K, reserved 1048576K
Event: 84.156 GC heap after
Heap after GC invocations=21 (full 3):
 PSYoungGen      total 225280K, used 11861K [0x00000000e0000000, 0x00000000f0d00000, 0x0000000100000000)
  eden space 205824K, 0% used [0x00000000e0000000,0x00000000e0000000,0x00000000ec900000)
  from space 19456K, 60% used [0x00000000edc00000,0x00000000ee7957d8,0x00000000eef00000)
  to   space 19456K, 0% used [0x00000000ec900000,0x00000000ec900000,0x00000000edc00000)
 ParOldGen       total 95744K, used 44268K [0x00000000a0000000, 0x00000000a5d80000, 0x00000000e0000000)
  object space 95744K, 46% used [0x00000000a0000000,0x00000000a2b3b050,0x00000000a5d80000)
 Metaspace       used 65678K, capacity 67688K, committed 67928K, reserved 1107968K
  class space    used 8632K, capacity 9073K, committed 9088K, reserved 1048576K
}

Deoptimization events (10 events):
Event: 84.343 Thread 0x000000001dfb1000 Uncommon trap: reason=bimorphic action=maybe_recompile pc=0x0000000003cc564c method=java.io.Writer.write(Ljava/lang/String;)V @ 7
Event: 85.391 Thread 0x00000000197fa800 Uncommon trap: reason=bimorphic action=maybe_recompile pc=0x0000000004608508 method=com.google.common.collect.RegularImmutableMap.get(Ljava/lang/Object;[Lcom/google/common/collect/ImmutableMapEntry;I)Ljava/lang/Object; @ 11
Event: 85.850 Thread 0x000000001dfb1000 Uncommon trap: reason=bimorphic action=maybe_recompile pc=0x000000000492bbb4 method=org.gradle.api.specs.NotSpec.isSatisfiedBy(Ljava/lang/Object;)Z @ 5
Event: 85.850 Thread 0x000000001dfb1000 Uncommon trap: reason=class_check action=maybe_recompile pc=0x0000000003710914 method=org.gradle.api.specs.OrSpec.isSatisfiedBy(Ljava/lang/Object;)Z @ 37
Event: 85.851 Thread 0x000000001dfb1000 Uncommon trap: reason=bimorphic action=maybe_recompile pc=0x000000000492bbb4 method=org.gradle.api.specs.NotSpec.isSatisfiedBy(Ljava/lang/Object;)Z @ 5
Event: 85.851 Thread 0x000000001dfb1000 Uncommon trap: reason=class_check action=maybe_recompile pc=0x0000000003710914 method=org.gradle.api.specs.OrSpec.isSatisfiedBy(Ljava/lang/Object;)Z @ 37
Event: 85.852 Thread 0x000000001dfb1000 Uncommon trap: reason=bimorphic action=maybe_recompile pc=0x000000000492bbb4 method=org.gradle.api.specs.NotSpec.isSatisfiedBy(Ljava/lang/Object;)Z @ 5
Event: 85.852 Thread 0x000000001dfb1000 Uncommon trap: reason=class_check action=maybe_recompile pc=0x0000000003710914 method=org.gradle.api.specs.OrSpec.isSatisfiedBy(Ljava/lang/Object;)Z @ 37
Event: 85.852 Thread 0x000000001dfb1000 Uncommon trap: reason=bimorphic action=maybe_recompile pc=0x000000000492bbb4 method=org.gradle.api.specs.NotSpec.isSatisfiedBy(Ljava/lang/Object;)Z @ 5
Event: 85.852 Thread 0x000000001dfb1000 Uncommon trap: reason=class_check action=maybe_recompile pc=0x0000000003710914 method=org.gradle.api.specs.OrSpec.isSatisfiedBy(Ljava/lang/Object;)Z @ 37

Classes redefined (0 events):
No events

Internal exceptions (10 events):
Event: 47.186 Thread 0x000000001dfb1000 Implicit null exception at 0x000000000426970e to 0x0000000004266e19
Event: 47.186 Thread 0x000000001dfb1000 Implicit null exception at 0x000000000426970e to 0x0000000004266e19
Event: 47.204 Thread 0x000000001dfb1000 Implicit null exception at 0x000000000426970e to 0x0000000004266e19
Event: 49.416 Thread 0x000000001cdd9000 Exception <a 'java/lang/NoSuchMethodError': java.lang.Object.lambda$negate$1(Ljava/lang/Object;)Z> (0x00000000e4ec3140) thrown at [D:\src\AOSP-openjdk-cygwin\jdk8u\hotspot\src\share\vm\interpreter\linkResolver.cpp, line 584]
Event: 69.895 Thread 0x000000001dfb1000 Exception <a 'java/lang/NoSuchMethodError': java.lang.Object.lambda$comparingInt$7b0bb60$1(Ljava/util/function/ToIntFunction;Ljava/lang/Object;Ljava/lang/Object;)I> (0x00000000e50dd1e8) thrown at [D:\src\AOSP-openjdk-cygwin\jdk8u\hotspot\src\share\vm\inte
Event: 77.604 Thread 0x000000001dfa9800 Implicit null exception at 0x00000000047c2ed8 to 0x00000000047c2f0e
Event: 82.884 Thread 0x000000001cdd4800 Exception <a 'java/lang/ClassNotFoundException': org/gradle/api/plugins/JavaPluginConventionBeanInfo> (0x00000000e58fb9d0) thrown at [D:\src\AOSP-openjdk-cygwin\jdk8u\hotspot\src\share\vm\classfile\systemDictionary.cpp, line 210]
Event: 82.885 Thread 0x000000001cdd4800 Exception <a 'java/lang/ClassNotFoundException': org/gradle/api/plugins/JavaPluginConventionCustomizer> (0x00000000e5932a28) thrown at [D:\src\AOSP-openjdk-cygwin\jdk8u\hotspot\src\share\vm\classfile\systemDictionary.cpp, line 210]
Event: 83.510 Thread 0x000000001cdd4800 Exception <a 'java/lang/NoSuchMethodError': java.lang.Object.lambda$or$2(Ljava/util/function/Predicate;Ljava/lang/Object;)Z> (0x00000000e6219360) thrown at [D:\src\AOSP-openjdk-cygwin\jdk8u\hotspot\src\share\vm\interpreter\linkResolver.cpp, line 584]
Event: 85.565 Thread 0x00000000197fa800 Exception <a 'java/lang/NoSuchMethodError': <clinit>> (0x00000000e9200570) thrown at [D:\src\AOSP-openjdk-cygwin\jdk8u\hotspot\src\share\vm\prims\jni.cpp, line 1613]

Events (10 events):
Event: 85.852 Thread 0x000000001dfb1000 DEOPT UNPACKING pc=0x0000000002f1557b sp=0x00000000231adba0 mode 2
Event: 85.852 Thread 0x000000001dfb1000 Uncommon trap: trap_request=0xffffffde fr.pc=0x0000000003710914
Event: 85.852 Thread 0x000000001dfb1000 DEOPT PACKING pc=0x0000000003710914 sp=0x00000000231adb80
Event: 85.852 Thread 0x000000001dfb1000 DEOPT UNPACKING pc=0x0000000002f1557b sp=0x00000000231adb08 mode 2
Event: 85.852 Thread 0x000000001dfb1000 Uncommon trap: trap_request=0xffffffc6 fr.pc=0x000000000492bbb4
Event: 85.852 Thread 0x000000001dfb1000 DEOPT PACKING pc=0x000000000492bbb4 sp=0x00000000231adb30
Event: 85.852 Thread 0x000000001dfb1000 DEOPT UNPACKING pc=0x0000000002f1557b sp=0x00000000231adae0 mode 2
Event: 85.852 Thread 0x000000001dfb1000 Uncommon trap: trap_request=0xffffffde fr.pc=0x0000000003710914
Event: 85.852 Thread 0x000000001dfb1000 DEOPT PACKING pc=0x0000000003710914 sp=0x00000000231adac0
Event: 85.852 Thread 0x000000001dfb1000 DEOPT UNPACKING pc=0x0000000002f1557b sp=0x00000000231ada48 mode 2


Dynamic libraries:
0x00007ff7ec850000 - 0x00007ff7ec881000 	E:\AndroidStudio\jre\bin\java.exe
0x00007ffb8f300000 - 0x00007ffb8f4e1000 	C:\WINDOWS\SYSTEM32\ntdll.dll
0x00007ffb8dea0000 - 0x00007ffb8df52000 	C:\WINDOWS\System32\KERNEL32.DLL
0x00007ffb8c4f0000 - 0x00007ffb8c763000 	C:\WINDOWS\System32\KERNELBASE.dll
0x00007ffb8df60000 - 0x00007ffb8e001000 	C:\WINDOWS\System32\ADVAPI32.dll
0x00007ffb8ea20000 - 0x00007ffb8eabe000 	C:\WINDOWS\System32\msvcrt.dll
0x00007ffb8c7a0000 - 0x00007ffb8c7fb000 	C:\WINDOWS\System32\sechost.dll
0x00007ffb8ef60000 - 0x00007ffb8f084000 	C:\WINDOWS\System32\RPCRT4.dll
0x00007ffb8dcb0000 - 0x00007ffb8de40000 	C:\WINDOWS\System32\USER32.dll
0x00007ffb8c770000 - 0x00007ffb8c790000 	C:\WINDOWS\System32\win32u.dll
0x00007ffb8e9f0000 - 0x00007ffb8ea18000 	C:\WINDOWS\System32\GDI32.dll
0x00007ffb8c2f0000 - 0x00007ffb8c482000 	C:\WINDOWS\System32\gdi32full.dll
0x00007ffb8b780000 - 0x00007ffb8b81f000 	C:\WINDOWS\System32\msvcp_win.dll
0x00007ffb8b8a0000 - 0x00007ffb8b99a000 	C:\WINDOWS\System32\ucrtbase.dll
0x00007ffb7a940000 - 0x00007ffb7aba9000 	C:\WINDOWS\WinSxS\amd64_microsoft.windows.common-controls_6595b64144ccf1df_6.0.17134.345_none_fb429a5930656358\COMCTL32.dll
0x00007ffb8e4a0000 - 0x00007ffb8e7c3000 	C:\WINDOWS\System32\combase.dll
0x00007ffb8b820000 - 0x00007ffb8b89a000 	C:\WINDOWS\System32\bcryptPrimitives.dll
0x00007ffb8ead0000 - 0x00007ffb8eafd000 	C:\WINDOWS\System32\IMM32.DLL
0x0000000066c40000 - 0x0000000066d12000 	E:\AndroidStudio\jre\jre\bin\msvcr100.dll
0x0000000065f70000 - 0x00000000667af000 	E:\AndroidStudio\jre\jre\bin\server\jvm.dll
0x00007ffb8c790000 - 0x00007ffb8c798000 	C:\WINDOWS\System32\PSAPI.DLL
0x00007ffb864d0000 - 0x00007ffb864da000 	C:\WINDOWS\SYSTEM32\VERSION.dll
0x00007ffb80150000 - 0x00007ffb80173000 	C:\WINDOWS\SYSTEM32\WINMM.dll
0x00007ffb80120000 - 0x00007ffb8014a000 	C:\WINDOWS\SYSTEM32\WINMMBASE.dll
0x00007ffb8c2a0000 - 0x00007ffb8c2e9000 	C:\WINDOWS\System32\cfgmgr32.dll
0x00007ffb7d6f0000 - 0x00007ffb7d6f9000 	C:\WINDOWS\SYSTEM32\WSOCK32.dll
0x00007ffb8c800000 - 0x00007ffb8c86c000 	C:\WINDOWS\System32\WS2_32.dll
0x00007ffb86e00000 - 0x00007ffb86e0f000 	E:\AndroidStudio\jre\jre\bin\verify.dll
0x00007ffb78c70000 - 0x00007ffb78c99000 	E:\AndroidStudio\jre\jre\bin\java.dll
0x00007ffb77e50000 - 0x00007ffb77e66000 	E:\AndroidStudio\jre\jre\bin\zip.dll
0x00007ffb8c870000 - 0x00007ffb8dcaf000 	C:\WINDOWS\System32\SHELL32.dll
0x00007ffb8f090000 - 0x00007ffb8f139000 	C:\WINDOWS\System32\shcore.dll
0x00007ffb8bb90000 - 0x00007ffb8c29d000 	C:\WINDOWS\System32\windows.storage.dll
0x00007ffb8f210000 - 0x00007ffb8f261000 	C:\WINDOWS\System32\shlwapi.dll
0x00007ffb8b670000 - 0x00007ffb8b681000 	C:\WINDOWS\System32\kernel.appcore.dll
0x00007ffb8b6b0000 - 0x00007ffb8b6cf000 	C:\WINDOWS\System32\profapi.dll
0x00007ffb8b610000 - 0x00007ffb8b65c000 	C:\WINDOWS\System32\powrprof.dll
0x00007ffb8b660000 - 0x00007ffb8b66a000 	C:\WINDOWS\System32\FLTLIB.DLL
0x00007ffb77ac0000 - 0x00007ffb77ada000 	E:\AndroidStudio\jre\jre\bin\net.dll
0x00007ffb8ae30000 - 0x00007ffb8ae96000 	C:\WINDOWS\system32\mswsock.dll
0x00007ffb77640000 - 0x00007ffb77651000 	E:\AndroidStudio\jre\jre\bin\nio.dll
0x00007ffb78140000 - 0x00007ffb7815e000 	C:\Users\ROSE\.gradle\native\25\windows-amd64\native-platform.dll
0x00007ffb89470000 - 0x00007ffb8947d000 	E:\AndroidStudio\jre\jre\bin\management.dll
0x00007ffb8aff0000 - 0x00007ffb8b007000 	C:\WINDOWS\SYSTEM32\CRYPTSP.dll
0x00007ffb8aa10000 - 0x00007ffb8aa43000 	C:\WINDOWS\system32\rsaenh.dll
0x00007ffb8b110000 - 0x00007ffb8b135000 	C:\WINDOWS\SYSTEM32\bcrypt.dll
0x00007ffb8b510000 - 0x00007ffb8b538000 	C:\WINDOWS\SYSTEM32\USERENV.dll
0x00007ffb8afe0000 - 0x00007ffb8afeb000 	C:\WINDOWS\SYSTEM32\CRYPTBASE.dll
0x00007ffb8abb0000 - 0x00007ffb8abe8000 	C:\WINDOWS\SYSTEM32\IPHLPAPI.DLL
0x00007ffb8eb00000 - 0x00007ffb8eb08000 	C:\WINDOWS\System32\NSI.dll
0x00007ffb854f0000 - 0x00007ffb85506000 	C:\WINDOWS\SYSTEM32\dhcpcsvc6.DLL
0x00007ffb857c0000 - 0x00007ffb857da000 	C:\WINDOWS\SYSTEM32\dhcpcsvc.DLL
0x00007ffb53e40000 - 0x00007ffb53fd6000 	E:\AndroidStudio\jre\jre\bin\awt.dll
0x00007ffb8f140000 - 0x00007ffb8f202000 	C:\WINDOWS\System32\OLEAUT32.dll
0x00007ffb87c50000 - 0x00007ffb88217000 	C:\WINDOWS\SYSTEM32\d2d1.dll
0x00007ffb88af0000 - 0x00007ffb88b7b000 	C:\WINDOWS\SYSTEM32\apphelp.dll
0x00007ffb89990000 - 0x00007ffb899b9000 	C:\WINDOWS\system32\DWMAPI.DLL
0x00007ffb89740000 - 0x00007ffb897d8000 	C:\WINDOWS\system32\uxtheme.dll

VM Arguments:
jvm_args: -Xmx1536m -Dfile.encoding=windows-1252 -Duser.country=PH -Duser.language=en -Duser.variant 
java_command: org.gradle.launcher.daemon.bootstrap.GradleDaemon 4.4
java_class_path (initial): C:\Users\ROSE\.gradle\wrapper\dists\gradle-4.4-all\9br9xq1tocpiv8o6njlyu5op1\gradle-4.4\lib\gradle-launcher-4.4.jar
Launcher Type: SUN_STANDARD

Environment Variables:
PATH=C:\Program Files (x86)\Intel\iCLS Client\;C:\Program Files\Intel\iCLS Client\;C:\WINDOWS\system32;C:\WINDOWS;C:\WINDOWS\System32\Wbem;C:\WINDOWS\System32\WindowsPowerShell\v1.0\;C:\Program Files (x86)\Intel\Intel(R) Management Engine Components\DAL;C:\Program Files\Intel\Intel(R) Management Engine Components\DAL;C:\Program Files (x86)\Intel\Intel(R) Management Engine Components\IPT;C:\Program Files\Intel\Intel(R) Management Engine Components\IPT;C:\Program Files (x86)\Skype\Phone\;C:\WINDOWS\System32\OpenSSH\;E:\Clyde\Git\cmd;E:\Clyde\NodeJS\;C:\Program Files (x86)\Microsoft SQL Server\110\Tools\Binn\;C:\Program Files\Microsoft SQL Server\110\Tools\Binn\;C:\Program Files\Microsoft SQL Server\110\DTS\Binn\;C:\Program Files (x86)\Microsoft SQL Server\110\Tools\Binn\ManagementStudio\;C:\Program Files (x86)\Microsoft SQL Server\110\DTS\Binn\;C:\Users\ROSE\AppData\Local\Microsoft\WindowsApps;C:\Users\ROSE\AppData\Local\GitHubDesktop\bin;C:\Users\ROSE\AppData\Roaming\npm
USERNAME=ROSE
OS=Windows_NT
PROCESSOR_IDENTIFIER=Intel64 Family 6 Model 78 Stepping 3, GenuineIntel



---------------  S Y S T E M  ---------------

OS: Windows 10.0 , 64 bit Build 17134 (10.0.17134.1)

CPU:total 4 (initial active 4) (2 cores per cpu, 2 threads per core) family 6 model 78 stepping 3, cmov, cx8, fxsr, mmx, sse, sse2, sse3, ssse3, sse4.1, sse4.2, popcnt, avx, avx2, aes, clmul, erms, 3dnowpref, lzcnt, ht, tsc, tscinvbit, bmi1, bmi2, adx

Memory: 4k page, physical 4076772k(378568k free), swap 16659684k(4868k free)

vm_info: OpenJDK 64-Bit Server VM (25.152-b02) for windows-amd64 JRE (1.8.0_152-release-1024-b02), built by "builder" with MS VC++ 10.0 (VS2010)

time: Sun Oct 28 22:20:43 2018
elapsed time: 86 seconds (0d 0h 1m 26s)

