#
# There is insufficient memory for the Java Runtime Environment to continue.
# Native memory allocation (malloc) failed to allocate 906576 bytes for Chunk::new
# Possible reasons:
#   The system is out of physical RAM or swap space
#   In 32 bit mode, the process size limit was hit
# Possible solutions:
#   Reduce memory load on the system
#   Increase physical memory or swap space
#   Check if swap backing store is full
#   Use 64 bit Java on a 64 bit OS
#   Decrease Java heap size (-Xmx/-Xms)
#   Decrease number of Java threads
#   Decrease Java thread stack sizes (-Xss)
#   Set larger code cache with -XX:ReservedCodeCacheSize=
# This output file may be truncated or incomplete.
#
#  Out of Memory Error (allocation.cpp:390), pid=235216, tid=0x0000000000039bb8
#
# JRE version: OpenJDK Runtime Environment (8.0_152-b02) (build 1.8.0_152-release-1024-b02)
# Java VM: OpenJDK 64-Bit Server VM (25.152-b02 mixed mode windows-amd64 compressed oops)
# Failed to write core dump. Minidumps are not enabled by default on client versions of Windows
#

---------------  T H R E A D  ---------------

Current thread (0x00000000161fc800):  JavaThread "C2 CompilerThread1" daemon [_thread_in_native, id=236472, stack(0x0000000017950000,0x0000000017a50000)]

Stack: [0x0000000017950000,0x0000000017a50000]
[error occurred during error reporting (printing stack bounds), id 0xc0000005]

Native frames: (J=compiled Java code, j=interpreted, Vv=VM code, C=native code)


Current CompileTask:
C2:5263484 16974       4       com.android.ide.common.res2.NodeUtils::duplicateNode (315 bytes)


---------------  P R O C E S S  ---------------

Java Threads: ( => current thread )
  0x00000000194ad800 JavaThread "Java2D Disposer" daemon [_thread_blocked, id=234788, stack(0x00000000397a0000,0x00000000398a0000)]
  0x00000000194af000 JavaThread "stdout" daemon [_thread_in_native, id=235640, stack(0x00000000390a0000,0x00000000391a0000)]
  0x00000000194ae800 JavaThread "stderr" daemon [_thread_in_native, id=235096, stack(0x0000000038fa0000,0x00000000390a0000)]
  0x000000001f06b800 JavaThread "queued-resource-processor_35" daemon [_thread_in_native, id=233840, stack(0x00000000389a0000,0x0000000038aa0000)]
  0x000000001f069000 JavaThread "Worker Daemon Execution Thread 7" [_thread_blocked, id=213416, stack(0x00000000386a0000,0x00000000387a0000)]
  0x000000001f06d800 JavaThread "Worker Daemon Execution Thread 6" [_thread_blocked, id=232504, stack(0x00000000385a0000,0x00000000386a0000)]
  0x000000001f06a800 JavaThread "Worker Daemon Execution Thread 5" [_thread_blocked, id=236056, stack(0x00000000384a0000,0x00000000385a0000)]
  0x000000001f070000 JavaThread "Worker Daemon Execution Thread 4" [_thread_blocked, id=226796, stack(0x00000000383a0000,0x00000000384a0000)]
  0x000000001f06f000 JavaThread "Worker Daemon Execution Thread 3" [_thread_blocked, id=230940, stack(0x00000000382a0000,0x00000000383a0000)]
  0x000000001f06d000 JavaThread "Worker Daemon Execution Thread 2" [_thread_blocked, id=233704, stack(0x00000000381a0000,0x00000000382a0000)]
  0x000000001f06e800 JavaThread "Worker Daemon Execution" [_thread_blocked, id=234892, stack(0x00000000380a0000,0x00000000381a0000)]
  0x000000001f065800 JavaThread "Task worker for ':' Thread 3" [_thread_blocked, id=232160, stack(0x0000000037fa0000,0x00000000380a0000)]
  0x000000001f068800 JavaThread "Task worker for ':' Thread 2" [_thread_blocked, id=234960, stack(0x0000000037ea0000,0x0000000037fa0000)]
  0x000000001f067800 JavaThread "Task worker for ':'" [_thread_blocked, id=232616, stack(0x0000000037da0000,0x0000000037ea0000)]
  0x000000001f06a000 JavaThread "Cache worker for Build Output Cleanup Cache (D:\meh\thesis\.gradle\buildOutputCleanup)" [_thread_blocked, id=202488, stack(0x0000000037ca0000,0x0000000037da0000)]
  0x000000001f064800 JavaThread "Cache worker for task history cache (D:\meh\thesis\.gradle\4.4\taskHistory)" [_thread_blocked, id=227076, stack(0x0000000037ba0000,0x0000000037ca0000)]
  0x000000001dd4b000 JavaThread "Cache worker for file content cache (D:\meh\thesis\.gradle\4.4\fileContent)" [_thread_blocked, id=235316, stack(0x0000000037aa0000,0x0000000037ba0000)]
  0x000000001dd52800 JavaThread "build operations Thread 4" [_thread_blocked, id=232060, stack(0x00000000379a0000,0x0000000037aa0000)]
  0x000000001dd51000 JavaThread "build operations Thread 3" [_thread_blocked, id=229080, stack(0x00000000378a0000,0x00000000379a0000)]
  0x000000001dd4f800 JavaThread "build operations Thread 2" [_thread_blocked, id=235976, stack(0x00000000377a0000,0x00000000378a0000)]
  0x000000001dd53800 JavaThread "build operations" [_thread_blocked, id=227180, stack(0x00000000376a0000,0x00000000377a0000)]
  0x000000001dd52000 JavaThread "Cache worker for Artifact transforms cache (C:\Users\ROSE\.gradle\caches\transforms-1)" [_thread_blocked, id=225472, stack(0x00000000375a0000,0x00000000376a0000)]
  0x000000001dd48000 JavaThread "Cache worker for file hash cache (D:\meh\thesis\.gradle\4.4\fileHashes)" [_thread_blocked, id=235088, stack(0x00000000374a0000,0x00000000375a0000)]
  0x000000001dd47000 JavaThread "Stdin handler" [_thread_blocked, id=8404, stack(0x00000000373a0000,0x00000000374a0000)]
  0x000000001dd4e000 JavaThread "Asynchronous log dispatcher for DefaultDaemonConnection: socket connection from /127.0.0.1:54266 to /127.0.0.1:55929" [_thread_blocked, id=118920, stack(0x00000000372a0000,0x00000000373a0000)]
  0x000000001dd4d000 JavaThread "Daemon worker Thread 11" [_thread_blocked, id=233136, stack(0x00000000371a0000,0x00000000372a0000)]
  0x000000001dd45800 JavaThread "Cancel handler" [_thread_blocked, id=230068, stack(0x00000000370a0000,0x00000000371a0000)]
  0x000000001dd45000 JavaThread "Handler for socket connection from /127.0.0.1:54266 to /127.0.0.1:55929" [_thread_in_native, id=114972, stack(0x0000000036fa0000,0x00000000370a0000)]
  0x000000001dd4a000 JavaThread "Daemon Thread 11" [_thread_blocked, id=236380, stack(0x0000000036ea0000,0x0000000036fa0000)]
  0x000000001dd48800 JavaThread "Memory manager" [_thread_blocked, id=234852, stack(0x0000000020810000,0x0000000020910000)]
  0x00000000194f3800 JavaThread "File lock request listener" [_thread_in_native, id=234596, stack(0x000000001bc70000,0x000000001bd70000)]
  0x00000000193c7800 JavaThread "Cache worker for file hash cache (C:\Users\ROSE\.gradle\caches\4.4\fileHashes)" [_thread_blocked, id=234592, stack(0x000000001aba0000,0x000000001aca0000)]
  0x0000000018ec1800 JavaThread "Daemon periodic checks" [_thread_blocked, id=235636, stack(0x000000001a0a0000,0x000000001a1a0000)]
  0x0000000018eae800 JavaThread "Incoming local TCP Connector on port 54266" [_thread_in_native, id=229688, stack(0x0000000019e60000,0x0000000019f60000)]
  0x000000001625d000 JavaThread "Service Thread" daemon [_thread_blocked, id=235384, stack(0x0000000017f50000,0x0000000018050000)]
  0x0000000016202800 JavaThread "C1 CompilerThread2" daemon [_thread_blocked, id=233572, stack(0x0000000017a50000,0x0000000017b50000)]
=>0x00000000161fc800 JavaThread "C2 CompilerThread1" daemon [_thread_in_native, id=236472, stack(0x0000000017950000,0x0000000017a50000)]
  0x00000000161f8800 JavaThread "C2 CompilerThread0" daemon [_thread_blocked, id=229596, stack(0x0000000017850000,0x0000000017950000)]
  0x0000000016206000 JavaThread "Attach Listener" daemon [_thread_blocked, id=236476, stack(0x0000000017750000,0x0000000017850000)]
  0x0000000016205000 JavaThread "Signal Dispatcher" daemon [_thread_blocked, id=235536, stack(0x0000000017650000,0x0000000017750000)]
  0x000000000288d000 JavaThread "Finalizer" daemon [_thread_blocked, id=231340, stack(0x0000000017460000,0x0000000017560000)]
  0x0000000002882000 JavaThread "Reference Handler" daemon [_thread_blocked, id=235752, stack(0x0000000017360000,0x0000000017460000)]
  0x000000000278d800 JavaThread "main" [_thread_blocked, id=236408, stack(0x0000000002620000,0x0000000002720000)]

Other Threads:
  0x00000000161c5000 VMThread [stack: 0x0000000017260000,0x0000000017360000] [id=234164]
  0x0000000017b84000 WatcherThread [stack: 0x0000000018050000,0x0000000018150000] [id=234560]

VM state:not at safepoint (normal execution)

VM Mutex/Monitor currently owned by a thread: None

Heap:
 PSYoungGen      total 192000K, used 45300K [0x00000000e0000000, 0x00000000ed200000, 0x0000000100000000)
  eden space 168960K, 16% used [0x00000000e0000000,0x00000000e1af4d30,0x00000000ea500000)
  from space 23040K, 76% used [0x00000000ea500000,0x00000000eb6486c0,0x00000000ebb80000)
  to   space 22016K, 0% used [0x00000000ebc80000,0x00000000ebc80000,0x00000000ed200000)
 ParOldGen       total 100864K, used 45176K [0x00000000a0000000, 0x00000000a6280000, 0x00000000e0000000)
  object space 100864K, 44% used [0x00000000a0000000,0x00000000a2c1e340,0x00000000a6280000)
 Metaspace       used 80983K, capacity 85228K, committed 85504K, reserved 1124352K
  class space    used 10412K, capacity 11195K, committed 11264K, reserved 1048576K

Card table byte_map: [0x0000000011c50000,0x0000000011f60000] byte_map_base: 0x0000000011750000

Marking Bits: (ParMarkBitMap*) 0x0000000066734970
 Begin Bits: [0x0000000012560000, 0x0000000013d60000)
 End Bits:   [0x0000000013d60000, 0x0000000015560000)

Polling page: 0x0000000000d60000

CodeCache: size=245760Kb used=47130Kb max_used=47144Kb free=198629Kb
 bounds [0x0000000002890000, 0x00000000056e0000, 0x0000000011890000]
 total_blobs=14832 nmethods=13881 adapters=861
 compilation: enabled

Compilation events (10 events):
Event: 5262.234 Thread 0x0000000016202800 nmethod 16973 0x00000000056c20d0 code [0x00000000056c2420, 0x00000000056c3e18]
Event: 5262.235 Thread 0x00000000161fc800 nmethod 16972 0x00000000056c1ad0 code [0x00000000056c1c20, 0x00000000056c1e98]
Event: 5262.235 Thread 0x00000000161fc800 16974       4       com.android.ide.common.res2.NodeUtils::duplicateNode (315 bytes)
Event: 5262.271 Thread 0x0000000016202800 16976       3       sun.nio.cs.UTF_8$Encoder::overflow (11 bytes)
Event: 5262.271 Thread 0x0000000016202800 nmethod 16976 0x00000000056bf110 code [0x00000000056bf2c0, 0x00000000056bf7d8]
Event: 5262.274 Thread 0x0000000016202800 16977       3       com.android.builder.tasks.Job::awaitRethrowExceptions (11 bytes)
Event: 5262.275 Thread 0x0000000016202800 nmethod 16977 0x00000000056becd0 code [0x00000000056bee40, 0x00000000056bf068]
Event: 5262.284 Thread 0x00000000161f8800 nmethod 16965% 0x00000000056d7050 code [0x00000000056d7500, 0x00000000056d9f90]
Event: 5262.284 Thread 0x00000000161f8800 16975       4       com.sun.org.apache.xerces.internal.dom.AttrImpl::getNodeValue (5 bytes)
Event: 5262.285 Thread 0x00000000161f8800 nmethod 16975 0x0000000003a24210 code [0x0000000003a24360, 0x0000000003a243e8]

GC Heap History (10 events):
Event: 1059.712 GC heap before
{Heap before GC invocations=28 (full 3):
 PSYoungGen      total 127488K, used 117399K [0x00000000e0000000, 0x00000000eb980000, 0x0000000100000000)
  eden space 102400K, 99% used [0x00000000e0000000,0x00000000e635db70,0x00000000e6400000)
  from space 25088K, 62% used [0x00000000e7c80000,0x00000000e8bc8160,0x00000000e9500000)
  to   space 25088K, 0% used [0x00000000e6400000,0x00000000e6400000,0x00000000e7c80000)
 ParOldGen       total 100864K, used 35485K [0x00000000a0000000, 0x00000000a6280000, 0x00000000e0000000)
  object space 100864K, 35% used [0x00000000a0000000,0x00000000a22a7508,0x00000000a6280000)
 Metaspace       used 77446K, capacity 81398K, committed 81536K, reserved 1120256K
  class space    used 10114K, capacity 10848K, committed 10880K, reserved 1048576K
Event: 1059.740 GC heap after
Heap after GC invocations=28 (full 3):
 PSYoungGen      total 127488K, used 8296K [0x00000000e0000000, 0x00000000eb080000, 0x0000000100000000)
  eden space 102400K, 0% used [0x00000000e0000000,0x00000000e0000000,0x00000000e6400000)
  from space 25088K, 33% used [0x00000000e6400000,0x00000000e6c1a210,0x00000000e7c80000)
  to   space 24576K, 0% used [0x00000000e9880000,0x00000000e9880000,0x00000000eb080000)
 ParOldGen       total 100864K, used 42468K [0x00000000a0000000, 0x00000000a6280000, 0x00000000e0000000)
  object space 100864K, 42% used [0x00000000a0000000,0x00000000a2979250,0x00000000a6280000)
 Metaspace       used 77446K, capacity 81398K, committed 81536K, reserved 1120256K
  class space    used 10114K, capacity 10848K, committed 10880K, reserved 1048576K
}
Event: 1059.761 GC heap before
{Heap before GC invocations=29 (full 3):
 PSYoungGen      total 127488K, used 110139K [0x00000000e0000000, 0x00000000eb080000, 0x0000000100000000)
  eden space 102400K, 99% used [0x00000000e0000000,0x00000000e6374bd8,0x00000000e6400000)
  from space 25088K, 33% used [0x00000000e6400000,0x00000000e6c1a210,0x00000000e7c80000)
  to   space 24576K, 0% used [0x00000000e9880000,0x00000000e9880000,0x00000000eb080000)
 ParOldGen       total 100864K, used 42468K [0x00000000a0000000, 0x00000000a6280000, 0x00000000e0000000)
  object space 100864K, 42% used [0x00000000a0000000,0x00000000a2979250,0x00000000a6280000)
 Metaspace       used 77447K, capacity 81398K, committed 81536K, reserved 1120256K
  class space    used 10114K, capacity 10848K, committed 10880K, reserved 1048576K
Event: 1059.777 GC heap after
Heap after GC invocations=29 (full 3):
 PSYoungGen      total 156160K, used 6436K [0x00000000e0000000, 0x00000000eb000000, 0x0000000100000000)
  eden space 132096K, 0% used [0x00000000e0000000,0x00000000e0000000,0x00000000e8100000)
  from space 24064K, 26% used [0x00000000e9880000,0x00000000e9ec9230,0x00000000eb000000)
  to   space 24064K, 0% used [0x00000000e8100000,0x00000000e8100000,0x00000000e9880000)
 ParOldGen       total 100864K, used 44296K [0x00000000a0000000, 0x00000000a6280000, 0x00000000e0000000)
  object space 100864K, 43% used [0x00000000a0000000,0x00000000a2b42310,0x00000000a6280000)
 Metaspace       used 77447K, capacity 81398K, committed 81536K, reserved 1120256K
  class space    used 10114K, capacity 10848K, committed 10880K, reserved 1048576K
}
Event: 1246.061 GC heap before
{Heap before GC invocations=30 (full 3):
 PSYoungGen      total 156160K, used 138532K [0x00000000e0000000, 0x00000000eb000000, 0x0000000100000000)
  eden space 132096K, 100% used [0x00000000e0000000,0x00000000e8100000,0x00000000e8100000)
  from space 24064K, 26% used [0x00000000e9880000,0x00000000e9ec9230,0x00000000eb000000)
  to   space 24064K, 0% used [0x00000000e8100000,0x00000000e8100000,0x00000000e9880000)
 ParOldGen       total 100864K, used 44296K [0x00000000a0000000, 0x00000000a6280000, 0x00000000e0000000)
  object space 100864K, 43% used [0x00000000a0000000,0x00000000a2b42310,0x00000000a6280000)
 Metaspace       used 77764K, capacity 81792K, committed 81920K, reserved 1120256K
  class space    used 10137K, capacity 10891K, committed 11008K, reserved 1048576K
Event: 1246.075 GC heap after
Heap after GC invocations=30 (full 3):
 PSYoungGen      total 156160K, used 5673K [0x00000000e0000000, 0x00000000ed380000, 0x0000000100000000)
  eden space 132096K, 0% used [0x00000000e0000000,0x00000000e0000000,0x00000000e8100000)
  from space 24064K, 23% used [0x00000000e8100000,0x00000000e868a6a8,0x00000000e9880000)
  to   space 23552K, 0% used [0x00000000ebc80000,0x00000000ebc80000,0x00000000ed380000)
 ParOldGen       total 100864K, used 45048K [0x00000000a0000000, 0x00000000a6280000, 0x00000000e0000000)
  object space 100864K, 44% used [0x00000000a0000000,0x00000000a2bfe340,0x00000000a6280000)
 Metaspace       used 77764K, capacity 81792K, committed 81920K, reserved 1120256K
  class space    used 10137K, capacity 10891K, committed 11008K, reserved 1048576K
}
Event: 3502.908 GC heap before
{Heap before GC invocations=31 (full 3):
 PSYoungGen      total 156160K, used 137769K [0x00000000e0000000, 0x00000000ed380000, 0x0000000100000000)
  eden space 132096K, 100% used [0x00000000e0000000,0x00000000e8100000,0x00000000e8100000)
  from space 24064K, 23% used [0x00000000e8100000,0x00000000e868a6a8,0x00000000e9880000)
  to   space 23552K, 0% used [0x00000000ebc80000,0x00000000ebc80000,0x00000000ed380000)
 ParOldGen       total 100864K, used 45048K [0x00000000a0000000, 0x00000000a6280000, 0x00000000e0000000)
  object space 100864K, 44% used [0x00000000a0000000,0x00000000a2bfe340,0x00000000a6280000)
 Metaspace       used 78295K, capacity 82506K, committed 82688K, reserved 1120256K
  class space    used 10160K, capacity 10928K, committed 11008K, reserved 1048576K
Event: 3503.097 GC heap after
Heap after GC invocations=31 (full 3):
 PSYoungGen      total 190976K, used 5827K [0x00000000e0000000, 0x00000000ed200000, 0x0000000100000000)
  eden space 168960K, 0% used [0x00000000e0000000,0x00000000e0000000,0x00000000ea500000)
  from space 22016K, 26% used [0x00000000ebc80000,0x00000000ec230fb0,0x00000000ed200000)
  to   space 23040K, 0% used [0x00000000ea500000,0x00000000ea500000,0x00000000ebb80000)
 ParOldGen       total 100864K, used 45168K [0x00000000a0000000, 0x00000000a6280000, 0x00000000e0000000)
  object space 100864K, 44% used [0x00000000a0000000,0x00000000a2c1c340,0x00000000a6280000)
 Metaspace       used 78295K, capacity 82506K, committed 82688K, reserved 1120256K
  class space    used 10160K, capacity 10928K, committed 11008K, reserved 1048576K
}
Event: 5252.130 GC heap before
{Heap before GC invocations=32 (full 3):
 PSYoungGen      total 190976K, used 174787K [0x00000000e0000000, 0x00000000ed200000, 0x0000000100000000)
  eden space 168960K, 100% used [0x00000000e0000000,0x00000000ea500000,0x00000000ea500000)
  from space 22016K, 26% used [0x00000000ebc80000,0x00000000ec230fb0,0x00000000ed200000)
  to   space 23040K, 0% used [0x00000000ea500000,0x00000000ea500000,0x00000000ebb80000)
 ParOldGen       total 100864K, used 45168K [0x00000000a0000000, 0x00000000a6280000, 0x00000000e0000000)
  object space 100864K, 44% used [0x00000000a0000000,0x00000000a2c1c340,0x00000000a6280000)
 Metaspace       used 80889K, capacity 85158K, committed 85248K, reserved 1124352K
  class space    used 10409K, capacity 11194K, committed 11264K, reserved 1048576K
Event: 5252.291 GC heap after
Heap after GC invocations=32 (full 3):
 PSYoungGen      total 192000K, used 17697K [0x00000000e0000000, 0x00000000ed200000, 0x0000000100000000)
  eden space 168960K, 0% used [0x00000000e0000000,0x00000000e0000000,0x00000000ea500000)
  from space 23040K, 76% used [0x00000000ea500000,0x00000000eb6486c0,0x00000000ebb80000)
  to   space 22016K, 0% used [0x00000000ebc80000,0x00000000ebc80000,0x00000000ed200000)
 ParOldGen       total 100864K, used 45176K [0x00000000a0000000, 0x00000000a6280000, 0x00000000e0000000)
  object space 100864K, 44% used [0x00000000a0000000,0x00000000a2c1e340,0x00000000a6280000)
 Metaspace       used 80889K, capacity 85158K, committed 85248K, reserved 1124352K
  class space    used 10409K, capacity 11194K, committed 11264K, reserved 1048576K
}

Deoptimization events (10 events):
Event: 5251.478 Thread 0x000000001f06e800 Uncommon trap: reason=unstable_if action=reinterpret pc=0x00000000055b408c method=sun.java2d.pisces.Renderer$ScanlineIterator.next()I @ 134
Event: 5253.849 Thread 0x000000001f070800 Uncommon trap: reason=bimorphic action=maybe_recompile pc=0x0000000002cdeab0 method=java.io.PrintStream.write([BII)V @ 16
Event: 5253.849 Thread 0x000000001f070800 Uncommon trap: reason=unstable_if action=reinterpret pc=0x000000000462c9f4 method=java.io.PrintStream.write(Ljava/lang/String;)V @ 34
Event: 5253.863 Thread 0x000000001f073000 Uncommon trap: reason=bimorphic action=maybe_recompile pc=0x0000000002cdeab0 method=java.io.PrintStream.write([BII)V @ 16
Event: 5253.864 Thread 0x000000001f072000 Uncommon trap: reason=bimorphic action=maybe_recompile pc=0x0000000002cdeab0 method=java.io.PrintStream.write([BII)V @ 16
Event: 5253.886 Thread 0x000000001f070800 Uncommon trap: reason=bimorphic action=maybe_recompile pc=0x0000000002cdeab0 method=java.io.PrintStream.write([BII)V @ 16
Event: 5262.235 Thread 0x000000001dd4d000 Uncommon trap: reason=bimorphic action=maybe_recompile pc=0x000000000555b8b4 method=com.android.ide.common.res2.NodeUtils.duplicateNode(Lorg/w3c/dom/Document;Lorg/w3c/dom/Node;)Lorg/w3c/dom/Node; @ 80
Event: 5262.235 Thread 0x000000001dd4d000 Uncommon trap: reason=bimorphic action=maybe_recompile pc=0x000000000555b8b4 method=com.android.ide.common.res2.NodeUtils.duplicateNode(Lorg/w3c/dom/Document;Lorg/w3c/dom/Node;)Lorg/w3c/dom/Node; @ 80
Event: 5262.235 Thread 0x000000001dd4d000 Uncommon trap: reason=bimorphic action=maybe_recompile pc=0x000000000555b8b4 method=com.android.ide.common.res2.NodeUtils.duplicateNode(Lorg/w3c/dom/Document;Lorg/w3c/dom/Node;)Lorg/w3c/dom/Node; @ 80
Event: 5262.235 Thread 0x000000001dd4d000 Uncommon trap: reason=bimorphic action=maybe_recompile pc=0x000000000555b8b4 method=com.android.ide.common.res2.NodeUtils.duplicateNode(Lorg/w3c/dom/Document;Lorg/w3c/dom/Node;)Lorg/w3c/dom/Node; @ 80

Classes redefined (0 events):
No events

Internal exceptions (10 events):
Event: 5248.171 Thread 0x000000001dd4d000 Exception <a 'java/lang/NoSuchMethodError': <clinit>> (0x00000000e79ac5d0) thrown at [D:\src\AOSP-openjdk-cygwin\jdk8u\hotspot\src\share\vm\prims\jni.cpp, line 1613]
Event: 5248.172 Thread 0x000000001dd4d000 Exception <a 'java/lang/NoSuchMethodError': <clinit>> (0x00000000e79b4ad0) thrown at [D:\src\AOSP-openjdk-cygwin\jdk8u\hotspot\src\share\vm\prims\jni.cpp, line 1613]
Event: 5248.172 Thread 0x000000001dd4d000 Exception <a 'java/lang/NoSuchMethodError': <clinit>> (0x00000000e79b81c8) thrown at [D:\src\AOSP-openjdk-cygwin\jdk8u\hotspot\src\share\vm\prims\jni.cpp, line 1613]
Event: 5248.174 Thread 0x000000001dd4d000 Exception <a 'java/lang/NoSuchMethodError': <clinit>> (0x00000000e79d15a0) thrown at [D:\src\AOSP-openjdk-cygwin\jdk8u\hotspot\src\share\vm\prims\jni.cpp, line 1613]
Event: 5248.181 Thread 0x000000001dd4d000 Exception <a 'java/lang/NoSuchMethodError': <clinit>> (0x00000000e79f0790) thrown at [D:\src\AOSP-openjdk-cygwin\jdk8u\hotspot\src\share\vm\prims\jni.cpp, line 1613]
Event: 5248.184 Thread 0x000000001dd4d000 Exception <a 'java/lang/NoSuchMethodError': <clinit>> (0x00000000e7a03380) thrown at [D:\src\AOSP-openjdk-cygwin\jdk8u\hotspot\src\share\vm\prims\jni.cpp, line 1613]
Event: 5248.709 Thread 0x000000001dd4d000 Implicit null exception at 0x00000000052b8d9b to 0x00000000052bb535
Event: 5250.348 Thread 0x000000001f06d000 Exception <a 'java/io/FileNotFoundException'> (0x00000000e8954118) thrown at [D:\src\AOSP-openjdk-cygwin\jdk8u\hotspot\src\share\vm\prims\jni.cpp, line 709]
Event: 5250.720 Thread 0x000000001f070000 Exception <a 'java/lang/ClassNotFoundException': sun/dc/DuctusRenderingEngine> (0x00000000e90ce6e0) thrown at [D:\src\AOSP-openjdk-cygwin\jdk8u\hotspot\src\share\vm\classfile\systemDictionary.cpp, line 210]
Event: 5250.895 Thread 0x000000001f070000 Exception <a 'java/io/FileNotFoundException'> (0x00000000e90e1c40) thrown at [D:\src\AOSP-openjdk-cygwin\jdk8u\hotspot\src\share\vm\prims\jni.cpp, line 709]

Events (10 events):
Event: 5262.235 Thread 0x000000001dd4d000 DEOPT UNPACKING pc=0x00000000028d557b sp=0x000000003729a4b8 mode 2
Event: 5262.235 Thread 0x000000001dd4d000 Uncommon trap: trap_request=0xffffffc6 fr.pc=0x000000000555b8b4
Event: 5262.235 Thread 0x000000001dd4d000 DEOPT PACKING pc=0x000000000555b8b4 sp=0x000000003729a4d0
Event: 5262.235 Thread 0x000000001dd4d000 DEOPT UNPACKING pc=0x00000000028d557b sp=0x000000003729a4b8 mode 2
Event: 5262.235 Thread 0x000000001dd4d000 Uncommon trap: trap_request=0xffffffc6 fr.pc=0x000000000555b8b4
Event: 5262.235 Thread 0x000000001dd4d000 DEOPT PACKING pc=0x000000000555b8b4 sp=0x000000003729a4d0
Event: 5262.235 Thread 0x000000001dd4d000 DEOPT UNPACKING pc=0x00000000028d557b sp=0x000000003729a4b8 mode 2
Event: 5262.235 Thread 0x000000001dd4d000 Uncommon trap: trap_request=0xffffffc6 fr.pc=0x000000000555b8b4
Event: 5262.235 Thread 0x000000001dd4d000 DEOPT PACKING pc=0x000000000555b8b4 sp=0x000000003729a4d0
Event: 5262.235 Thread 0x000000001dd4d000 DEOPT UNPACKING pc=0x00000000028d557b sp=0x000000003729a4b8 mode 2


Dynamic libraries:
0x00007ff7ec850000 - 0x00007ff7ec881000 	E:\AndroidStudio\jre\bin\java.exe
0x00007ffb8f300000 - 0x00007ffb8f4e1000 	C:\WINDOWS\SYSTEM32\ntdll.dll
0x00007ffb8dea0000 - 0x00007ffb8df52000 	C:\WINDOWS\System32\KERNEL32.DLL
0x00007ffb8c4f0000 - 0x00007ffb8c763000 	C:\WINDOWS\System32\KERNELBASE.dll
0x00007ffb8df60000 - 0x00007ffb8e001000 	C:\WINDOWS\System32\ADVAPI32.dll
0x00007ffb8ea20000 - 0x00007ffb8eabe000 	C:\WINDOWS\System32\msvcrt.dll
0x00007ffb8c7a0000 - 0x00007ffb8c7fb000 	C:\WINDOWS\System32\sechost.dll
0x00007ffb8ef60000 - 0x00007ffb8f084000 	C:\WINDOWS\System32\RPCRT4.dll
0x00007ffb8dcb0000 - 0x00007ffb8de40000 	C:\WINDOWS\System32\USER32.dll
0x00007ffb8c770000 - 0x00007ffb8c790000 	C:\WINDOWS\System32\win32u.dll
0x00007ffb8e9f0000 - 0x00007ffb8ea18000 	C:\WINDOWS\System32\GDI32.dll
0x00007ffb8c2f0000 - 0x00007ffb8c482000 	C:\WINDOWS\System32\gdi32full.dll
0x00007ffb8b780000 - 0x00007ffb8b81f000 	C:\WINDOWS\System32\msvcp_win.dll
0x00007ffb8b8a0000 - 0x00007ffb8b99a000 	C:\WINDOWS\System32\ucrtbase.dll
0x00007ffb7a940000 - 0x00007ffb7aba9000 	C:\WINDOWS\WinSxS\amd64_microsoft.windows.common-controls_6595b64144ccf1df_6.0.17134.345_none_fb429a5930656358\COMCTL32.dll
0x00007ffb8e4a0000 - 0x00007ffb8e7c3000 	C:\WINDOWS\System32\combase.dll
0x00007ffb8b820000 - 0x00007ffb8b89a000 	C:\WINDOWS\System32\bcryptPrimitives.dll
0x00007ffb8ead0000 - 0x00007ffb8eafd000 	C:\WINDOWS\System32\IMM32.DLL
0x0000000066a90000 - 0x0000000066b62000 	E:\AndroidStudio\jre\jre\bin\msvcr100.dll
0x0000000065f70000 - 0x00000000667af000 	E:\AndroidStudio\jre\jre\bin\server\jvm.dll
0x00007ffb8c790000 - 0x00007ffb8c798000 	C:\WINDOWS\System32\PSAPI.DLL
0x00007ffb864d0000 - 0x00007ffb864da000 	C:\WINDOWS\SYSTEM32\VERSION.dll
0x00007ffb7d6f0000 - 0x00007ffb7d6f9000 	C:\WINDOWS\SYSTEM32\WSOCK32.dll
0x00007ffb80150000 - 0x00007ffb80173000 	C:\WINDOWS\SYSTEM32\WINMM.dll
0x00007ffb8c800000 - 0x00007ffb8c86c000 	C:\WINDOWS\System32\WS2_32.dll
0x00007ffb80120000 - 0x00007ffb8014a000 	C:\WINDOWS\SYSTEM32\WINMMBASE.dll
0x00007ffb8c2a0000 - 0x00007ffb8c2e9000 	C:\WINDOWS\System32\cfgmgr32.dll
0x00007ffb86e00000 - 0x00007ffb86e0f000 	E:\AndroidStudio\jre\jre\bin\verify.dll
0x00007ffb78c70000 - 0x00007ffb78c99000 	E:\AndroidStudio\jre\jre\bin\java.dll
0x00007ffb77e50000 - 0x00007ffb77e66000 	E:\AndroidStudio\jre\jre\bin\zip.dll
0x00007ffb8c870000 - 0x00007ffb8dcaf000 	C:\WINDOWS\System32\SHELL32.dll
0x00007ffb8f090000 - 0x00007ffb8f139000 	C:\WINDOWS\System32\shcore.dll
0x00007ffb8bb90000 - 0x00007ffb8c29d000 	C:\WINDOWS\System32\windows.storage.dll
0x00007ffb8f210000 - 0x00007ffb8f261000 	C:\WINDOWS\System32\shlwapi.dll
0x00007ffb8b670000 - 0x00007ffb8b681000 	C:\WINDOWS\System32\kernel.appcore.dll
0x00007ffb8b6b0000 - 0x00007ffb8b6cf000 	C:\WINDOWS\System32\profapi.dll
0x00007ffb8b610000 - 0x00007ffb8b65c000 	C:\WINDOWS\System32\powrprof.dll
0x00007ffb8b660000 - 0x00007ffb8b66a000 	C:\WINDOWS\System32\FLTLIB.DLL
0x00007ffb77ac0000 - 0x00007ffb77ada000 	E:\AndroidStudio\jre\jre\bin\net.dll
0x00007ffb8ae30000 - 0x00007ffb8ae96000 	C:\WINDOWS\system32\mswsock.dll
0x00007ffb77640000 - 0x00007ffb77651000 	E:\AndroidStudio\jre\jre\bin\nio.dll
0x00007ffb78140000 - 0x00007ffb7815e000 	C:\Users\ROSE\.gradle\native\25\windows-amd64\native-platform.dll
0x00007ffb89470000 - 0x00007ffb8947d000 	E:\AndroidStudio\jre\jre\bin\management.dll
0x00007ffb8aff0000 - 0x00007ffb8b007000 	C:\WINDOWS\SYSTEM32\CRYPTSP.dll
0x00007ffb8aa10000 - 0x00007ffb8aa43000 	C:\WINDOWS\system32\rsaenh.dll
0x00007ffb8b110000 - 0x00007ffb8b135000 	C:\WINDOWS\SYSTEM32\bcrypt.dll
0x00007ffb8b510000 - 0x00007ffb8b538000 	C:\WINDOWS\SYSTEM32\USERENV.dll
0x00007ffb8afe0000 - 0x00007ffb8afeb000 	C:\WINDOWS\SYSTEM32\CRYPTBASE.dll
0x00007ffb8abb0000 - 0x00007ffb8abe8000 	C:\WINDOWS\SYSTEM32\IPHLPAPI.DLL
0x00007ffb8eb00000 - 0x00007ffb8eb08000 	C:\WINDOWS\System32\NSI.dll
0x00007ffb854f0000 - 0x00007ffb85506000 	C:\WINDOWS\SYSTEM32\dhcpcsvc6.DLL
0x00007ffb857c0000 - 0x00007ffb857da000 	C:\WINDOWS\SYSTEM32\dhcpcsvc.DLL
0x00007ffb53e40000 - 0x00007ffb53fd6000 	E:\AndroidStudio\jre\jre\bin\awt.dll
0x00007ffb8f140000 - 0x00007ffb8f202000 	C:\WINDOWS\System32\OLEAUT32.dll
0x00007ffb87c50000 - 0x00007ffb88217000 	C:\WINDOWS\SYSTEM32\d2d1.dll
0x00007ffb88af0000 - 0x00007ffb88b7b000 	C:\WINDOWS\SYSTEM32\apphelp.dll
0x00007ffb89990000 - 0x00007ffb899b9000 	C:\WINDOWS\system32\DWMAPI.DLL
0x00007ffb89740000 - 0x00007ffb897d8000 	C:\WINDOWS\system32\uxtheme.dll

VM Arguments:
jvm_args: -Xmx1536m -Dfile.encoding=windows-1252 -Duser.country=PH -Duser.language=en -Duser.variant 
java_command: org.gradle.launcher.daemon.bootstrap.GradleDaemon 4.4
java_class_path (initial): C:\Users\ROSE\.gradle\wrapper\dists\gradle-4.4-all\9br9xq1tocpiv8o6njlyu5op1\gradle-4.4\lib\gradle-launcher-4.4.jar
Launcher Type: SUN_STANDARD

Environment Variables:
PATH=C:\Program Files (x86)\Intel\iCLS Client\;C:\Program Files\Intel\iCLS Client\;C:\WINDOWS\system32;C:\WINDOWS;C:\WINDOWS\System32\Wbem;C:\WINDOWS\System32\WindowsPowerShell\v1.0\;C:\Program Files (x86)\Intel\Intel(R) Management Engine Components\DAL;C:\Program Files\Intel\Intel(R) Management Engine Components\DAL;C:\Program Files (x86)\Intel\Intel(R) Management Engine Components\IPT;C:\Program Files\Intel\Intel(R) Management Engine Components\IPT;C:\Program Files (x86)\Skype\Phone\;C:\WINDOWS\System32\OpenSSH\;E:\Clyde\Git\cmd;E:\Clyde\NodeJS\;C:\Program Files (x86)\Microsoft SQL Server\110\Tools\Binn\;C:\Program Files\Microsoft SQL Server\110\Tools\Binn\;C:\Program Files\Microsoft SQL Server\110\DTS\Binn\;C:\Program Files (x86)\Microsoft SQL Server\110\Tools\Binn\ManagementStudio\;C:\Program Files (x86)\Microsoft SQL Server\110\DTS\Binn\;C:\Users\ROSE\AppData\Local\Microsoft\WindowsApps;C:\Users\ROSE\AppData\Local\GitHubDesktop\bin;C:\Users\ROSE\AppData\Roaming\npm
USERNAME=ROSE
OS=Windows_NT
PROCESSOR_IDENTIFIER=Intel64 Family 6 Model 78 Stepping 3, GenuineIntel



---------------  S Y S T E M  ---------------

OS: Windows 10.0 , 64 bit Build 17134 (10.0.17134.1)

CPU:total 4 (initial active 4) (2 cores per cpu, 2 threads per core) family 6 model 78 stepping 3, cmov, cx8, fxsr, mmx, sse, sse2, sse3, ssse3, sse4.1, sse4.2, popcnt, avx, avx2, aes, clmul, erms, 3dnowpref, lzcnt, ht, tsc, tscinvbit, bmi1, bmi2, adx

Memory: 4k page, physical 4076772k(316380k free), swap 16659684k(10368k free)

vm_info: OpenJDK 64-Bit Server VM (25.152-b02) for windows-amd64 JRE (1.8.0_152-release-1024-b02), built by "builder" with MS VC++ 10.0 (VS2010)

time: Sun Oct 28 22:18:26 2018
elapsed time: 5262 seconds (0d 1h 27m 42s)

